This file contains any messages produced by compilers while
running configure, to aid debugging if configure makes a mistake.

It was created by configure, which was
generated by GNU Autoconf 2.62.  Invocation command line was

  $ ./configure 

## --------- ##
## Platform. ##
## --------- ##

hostname = leech
uname -m = x86_64
uname -r = 3.3.6
uname -s = Linux
uname -v = #1 SMP Wed May 23 19:44:50 CEST 2012

/usr/bin/uname -p = unknown
/bin/uname -X     = unknown

/bin/arch              = unknown
/usr/bin/arch -k       = unknown
/usr/convex/getsysinfo = unknown
/usr/bin/hostinfo      = unknown
/bin/machine           = unknown
/usr/bin/oslevel       = unknown
/bin/universe          = unknown

PATH: /usr/local/sbin
PATH: /usr/local/bin
PATH: /usr/sbin
PATH: /usr/bin
PATH: /sbin
PATH: /bin
PATH: /usr/games


## ----------- ##
## Core tests. ##
## ----------- ##

configure:1882: checking for a BSD-compatible install
configure:1950: result: /usr/bin/install -c
configure:1961: checking whether build environment is sane
configure:2004: result: yes
configure:2029: checking for a thread-safe mkdir -p
configure:2068: result: /bin/mkdir -p
configure:2081: checking for gawk
configure:2111: result: no
configure:2081: checking for mawk
configure:2097: found /usr/bin/mawk
configure:2108: result: mawk
configure:2119: checking whether make sets $(MAKE)
configure:2141: result: yes
configure:2332: checking whether to enable maintainer-specific portions of Makefiles
configure:2341: result: no
configure:2361: checking build system type
configure:2379: result: x86_64-unknown-linux-gnu
configure:2401: checking host system type
configure:2416: result: x86_64-unknown-linux-gnu
configure:2643: checking for gcc
configure:2659: found /usr/bin/gcc
configure:2670: result: gcc
configure:2908: checking for C compiler version
configure:2916: gcc --version >&5
gcc (Ubuntu/Linaro 4.6.1-9ubuntu3) 4.6.1
Copyright (C) 2011 Free Software Foundation, Inc.
This is free software; see the source for copying conditions.  There is NO
warranty; not even for MERCHANTABILITY or FITNESS FOR A PARTICULAR PURPOSE.

configure:2920: $? = 0
configure:2927: gcc -v >&5
Using built-in specs.
COLLECT_GCC=gcc
COLLECT_LTO_WRAPPER=/usr/lib/gcc/x86_64-linux-gnu/4.6.1/lto-wrapper
Target: x86_64-linux-gnu
Configured with: ../src/configure -v --with-pkgversion='Ubuntu/Linaro 4.6.1-9ubuntu3' --with-bugurl=file:///usr/share/doc/gcc-4.6/README.Bugs --enable-languages=c,c++,fortran,objc,obj-c++,go --prefix=/usr --program-suffix=-4.6 --enable-shared --enable-linker-build-id --with-system-zlib --libexecdir=/usr/lib --without-included-gettext --enable-threads=posix --with-gxx-include-dir=/usr/include/c++/4.6 --libdir=/usr/lib --enable-nls --with-sysroot=/ --enable-clocale=gnu --enable-libstdcxx-debug --enable-libstdcxx-time=yes --enable-plugin --enable-objc-gc --disable-werror --with-arch-32=i686 --with-tune=generic --enable-checking=release --build=x86_64-linux-gnu --host=x86_64-linux-gnu --target=x86_64-linux-gnu
Thread model: posix
gcc version 4.6.1 (Ubuntu/Linaro 4.6.1-9ubuntu3) 
configure:2931: $? = 0
configure:2938: gcc -V >&5
gcc: error: unrecognized option '-V'
gcc: fatal error: no input files
compilation terminated.
configure:2942: $? = 4
configure:2965: checking for C compiler default output file name
configure:2987: gcc    conftest.c  >&5
configure:2991: $? = 0
configure:3029: result: a.out
configure:3046: checking whether the C compiler works
configure:3056: ./a.out
configure:3060: $? = 0
configure:3077: result: yes
configure:3084: checking whether we are cross compiling
configure:3086: result: no
configure:3089: checking for suffix of executables
configure:3096: gcc -o conftest    conftest.c  >&5
configure:3100: $? = 0
configure:3124: result: 
configure:3130: checking for suffix of object files
configure:3156: gcc -c   conftest.c >&5
configure:3160: $? = 0
configure:3183: result: o
configure:3187: checking whether we are using the GNU C compiler
configure:3216: gcc -c   conftest.c >&5
configure:3223: $? = 0
configure:3240: result: yes
configure:3249: checking whether gcc accepts -g
configure:3279: gcc -c -g  conftest.c >&5
configure:3286: $? = 0
configure:3387: result: yes
configure:3404: checking for gcc option to accept ISO C89
configure:3478: gcc  -c -g -O2  conftest.c >&5
configure:3485: $? = 0
configure:3508: result: none needed
configure:3537: checking for style of include used by make
configure:3565: result: GNU
configure:3590: checking dependency style of gcc
configure:3681: result: none
configure:3710: checking for a BSD-compatible install
configure:3778: result: /usr/bin/install -c
configure:3796: checking how to run the C preprocessor
configure:3836: gcc -E  conftest.c
configure:3843: $? = 0
configure:3874: gcc -E  conftest.c
conftest.c:11:28: fatal error: ac_nonexistent.h: No such file or directory
compilation terminated.
configure:3881: $? = 1
configure: failed program was:
| /* confdefs.h.  */
| #define PACKAGE_NAME ""
| #define PACKAGE_TARNAME ""
| #define PACKAGE_VERSION ""
| #define PACKAGE_STRING ""
| #define PACKAGE_BUGREPORT ""
| #define PACKAGE "daemonlogger"
| #define VERSION "1.2.1"
| #define LINUX /**/
| /* end confdefs.h.  */
| #include <ac_nonexistent.h>
configure:3914: result: gcc -E
configure:3943: gcc -E  conftest.c
configure:3950: $? = 0
configure:3981: gcc -E  conftest.c
conftest.c:11:28: fatal error: ac_nonexistent.h: No such file or directory
compilation terminated.
configure:3988: $? = 1
configure: failed program was:
| /* confdefs.h.  */
| #define PACKAGE_NAME ""
| #define PACKAGE_TARNAME ""
| #define PACKAGE_VERSION ""
| #define PACKAGE_STRING ""
| #define PACKAGE_BUGREPORT ""
| #define PACKAGE "daemonlogger"
| #define VERSION "1.2.1"
| #define LINUX /**/
| /* end confdefs.h.  */
| #include <ac_nonexistent.h>
configure:4026: checking for grep that handles long lines and -e
configure:4086: result: /bin/grep
configure:4091: checking for egrep
configure:4155: result: /bin/grep -E
configure:4160: checking for ANSI C header files
configure:4190: gcc -c -g -O2  conftest.c >&5
configure:4197: $? = 0
configure:4296: gcc -o conftest -g -O2   conftest.c  >&5
configure:4300: $? = 0
configure:4306: ./conftest
configure:4310: $? = 0
configure:4328: result: yes
configure:4352: checking for sys/types.h
configure:4373: gcc -c -g -O2  conftest.c >&5
configure:4380: $? = 0
configure:4397: result: yes
configure:4352: checking for sys/stat.h
configure:4373: gcc -c -g -O2  conftest.c >&5
configure:4380: $? = 0
configure:4397: result: yes
configure:4352: checking for stdlib.h
configure:4373: gcc -c -g -O2  conftest.c >&5
configure:4380: $? = 0
configure:4397: result: yes
configure:4352: checking for string.h
configure:4373: gcc -c -g -O2  conftest.c >&5
configure:4380: $? = 0
configure:4397: result: yes
configure:4352: checking for memory.h
configure:4373: gcc -c -g -O2  conftest.c >&5
configure:4380: $? = 0
configure:4397: result: yes
configure:4352: checking for strings.h
configure:4373: gcc -c -g -O2  conftest.c >&5
configure:4380: $? = 0
configure:4397: result: yes
configure:4352: checking for inttypes.h
configure:4373: gcc -c -g -O2  conftest.c >&5
configure:4380: $? = 0
configure:4397: result: yes
configure:4352: checking for stdint.h
configure:4373: gcc -c -g -O2  conftest.c >&5
configure:4380: $? = 0
configure:4397: result: yes
configure:4352: checking for unistd.h
configure:4373: gcc -c -g -O2  conftest.c >&5
configure:4380: $? = 0
configure:4397: result: yes
configure:4437: checking stdio.h usability
configure:4454: gcc -c -g -O2  conftest.c >&5
configure:4461: $? = 0
configure:4475: result: yes
configure:4479: checking stdio.h presence
configure:4494: gcc -E  conftest.c
configure:4501: $? = 0
configure:4515: result: yes
configure:4543: checking for stdio.h
configure:4552: result: yes
configure:4426: checking for stdlib.h
configure:4433: result: yes
configure:4437: checking stdarg.h usability
configure:4454: gcc -c -g -O2  conftest.c >&5
configure:4461: $? = 0
configure:4475: result: yes
configure:4479: checking stdarg.h presence
configure:4494: gcc -E  conftest.c
configure:4501: $? = 0
configure:4515: result: yes
configure:4543: checking for stdarg.h
configure:4552: result: yes
configure:4437: checking errno.h usability
configure:4454: gcc -c -g -O2  conftest.c >&5
configure:4461: $? = 0
configure:4475: result: yes
configure:4479: checking errno.h presence
configure:4494: gcc -E  conftest.c
configure:4501: $? = 0
configure:4515: result: yes
configure:4543: checking for errno.h
configure:4552: result: yes
configure:4437: checking getopt.h usability
configure:4454: gcc -c -g -O2  conftest.c >&5
configure:4461: $? = 0
configure:4475: result: yes
configure:4479: checking getopt.h presence
configure:4494: gcc -E  conftest.c
configure:4501: $? = 0
configure:4515: result: yes
configure:4543: checking for getopt.h
configure:4552: result: yes
configure:4426: checking for unistd.h
configure:4433: result: yes
configure:4437: checking fcntl.h usability
configure:4454: gcc -c -g -O2  conftest.c >&5
configure:4461: $? = 0
configure:4475: result: yes
configure:4479: checking fcntl.h presence
configure:4494: gcc -E  conftest.c
configure:4501: $? = 0
configure:4515: result: yes
configure:4543: checking for fcntl.h
configure:4552: result: yes
configure:4426: checking for string.h
configure:4433: result: yes
configure:4437: checking signal.h usability
configure:4454: gcc -c -g -O2  conftest.c >&5
configure:4461: $? = 0
configure:4475: result: yes
configure:4479: checking signal.h presence
configure:4494: gcc -E  conftest.c
configure:4501: $? = 0
configure:4515: result: yes
configure:4543: checking for signal.h
configure:4552: result: yes
configure:4437: checking time.h usability
configure:4454: gcc -c -g -O2  conftest.c >&5
configure:4461: $? = 0
configure:4475: result: yes
configure:4479: checking time.h presence
configure:4494: gcc -E  conftest.c
configure:4501: $? = 0
configure:4515: result: yes
configure:4543: checking for time.h
configure:4552: result: yes
configure:4437: checking limits.h usability
configure:4454: gcc -c -g -O2  conftest.c >&5
configure:4461: $? = 0
configure:4475: result: yes
configure:4479: checking limits.h presence
configure:4494: gcc -E  conftest.c
configure:4501: $? = 0
configure:4515: result: yes
configure:4543: checking for limits.h
configure:4552: result: yes
configure:4574: checking for sys/types.h
configure:4581: result: yes
configure:4574: checking for sys/stat.h
configure:4581: result: yes
configure:4585: checking sys/time.h usability
configure:4602: gcc -c -g -O2  conftest.c >&5
configure:4609: $? = 0
configure:4623: result: yes
configure:4627: checking sys/time.h presence
configure:4642: gcc -E  conftest.c
configure:4649: $? = 0
configure:4663: result: yes
configure:4691: checking for sys/time.h
configure:4700: result: yes
configure:4585: checking sys/queue.h usability
configure:4602: gcc -c -g -O2  conftest.c >&5
configure:4609: $? = 0
configure:4623: result: yes
configure:4627: checking sys/queue.h presence
configure:4642: gcc -E  conftest.c
configure:4649: $? = 0
configure:4663: result: yes
configure:4691: checking for sys/queue.h
configure:4700: result: yes
configure:4715: checking for TAILQ_FOREACH in sys/queue.h
configure:4732: result: yes
configure:4764: checking arpa/inet.h usability
configure:4781: gcc -c -g -O2  conftest.c >&5
configure:4788: $? = 0
configure:4802: result: yes
configure:4806: checking arpa/inet.h presence
configure:4821: gcc -E  conftest.c
configure:4828: $? = 0
configure:4842: result: yes
configure:4870: checking for arpa/inet.h
configure:4879: result: yes
configure:4894: checking for an ANSI C-conforming const
configure:4969: gcc -c -g -O2  conftest.c >&5
configure:4976: $? = 0
configure:4991: result: yes
configure:5001: checking for inline
configure:5027: gcc -c -g -O2  conftest.c >&5
configure:5034: $? = 0
configure:5052: result: inline
configure:5071: checking for pid_t
configure:5099: gcc -c -g -O2  conftest.c >&5
configure:5106: $? = 0
configure:5133: gcc -c -g -O2  conftest.c >&5
conftest.c: In function 'main':
conftest.c:74:20: error: expected expression before ')' token
configure:5140: $? = 1
configure: failed program was:
| /* confdefs.h.  */
| #define PACKAGE_NAME ""
| #define PACKAGE_TARNAME ""
| #define PACKAGE_VERSION ""
| #define PACKAGE_STRING ""
| #define PACKAGE_BUGREPORT ""
| #define PACKAGE "daemonlogger"
| #define VERSION "1.2.1"
| #define LINUX /**/
| #define STDC_HEADERS 1
| #define HAVE_SYS_TYPES_H 1
| #define HAVE_SYS_STAT_H 1
| #define HAVE_STDLIB_H 1
| #define HAVE_STRING_H 1
| #define HAVE_MEMORY_H 1
| #define HAVE_STRINGS_H 1
| #define HAVE_INTTYPES_H 1
| #define HAVE_STDINT_H 1
| #define HAVE_UNISTD_H 1
| #define HAVE_STDIO_H 1
| #define HAVE_STDLIB_H 1
| #define HAVE_STDARG_H 1
| #define HAVE_ERRNO_H 1
| #define HAVE_GETOPT_H 1
| #define HAVE_UNISTD_H 1
| #define HAVE_FCNTL_H 1
| #define HAVE_STRING_H 1
| #define HAVE_SIGNAL_H 1
| #define HAVE_TIME_H 1
| #define HAVE_LIMITS_H 1
| #define HAVE_SYS_TYPES_H 1
| #define HAVE_SYS_STAT_H 1
| #define HAVE_SYS_TIME_H 1
| #define HAVE_SYS_QUEUE_H 1
| #define HAVE_TAILQFOREACH 1
| #define HAVE_ARPA_INET_H 1
| /* end confdefs.h.  */
| #include <stdio.h>
| #ifdef HAVE_SYS_TYPES_H
| # include <sys/types.h>
| #endif
| #ifdef HAVE_SYS_STAT_H
| # include <sys/stat.h>
| #endif
| #ifdef STDC_HEADERS
| # include <stdlib.h>
| # include <stddef.h>
| #else
| # ifdef HAVE_STDLIB_H
| #  include <stdlib.h>
| # endif
| #endif
| #ifdef HAVE_STRING_H
| # if !defined STDC_HEADERS && defined HAVE_MEMORY_H
| #  include <memory.h>
| # endif
| # include <string.h>
| #endif
| #ifdef HAVE_STRINGS_H
| # include <strings.h>
| #endif
| #ifdef HAVE_INTTYPES_H
| # include <inttypes.h>
| #endif
| #ifdef HAVE_STDINT_H
| # include <stdint.h>
| #endif
| #ifdef HAVE_UNISTD_H
| # include <unistd.h>
| #endif
| int
| main ()
| {
| if (sizeof ((pid_t)))
| 	  return 0;
|   ;
|   return 0;
| }
configure:5163: result: yes
configure:5175: checking for size_t
configure:5203: gcc -c -g -O2  conftest.c >&5
configure:5210: $? = 0
configure:5237: gcc -c -g -O2  conftest.c >&5
conftest.c: In function 'main':
conftest.c:74:21: error: expected expression before ')' token
configure:5244: $? = 1
configure: failed program was:
| /* confdefs.h.  */
| #define PACKAGE_NAME ""
| #define PACKAGE_TARNAME ""
| #define PACKAGE_VERSION ""
| #define PACKAGE_STRING ""
| #define PACKAGE_BUGREPORT ""
| #define PACKAGE "daemonlogger"
| #define VERSION "1.2.1"
| #define LINUX /**/
| #define STDC_HEADERS 1
| #define HAVE_SYS_TYPES_H 1
| #define HAVE_SYS_STAT_H 1
| #define HAVE_STDLIB_H 1
| #define HAVE_STRING_H 1
| #define HAVE_MEMORY_H 1
| #define HAVE_STRINGS_H 1
| #define HAVE_INTTYPES_H 1
| #define HAVE_STDINT_H 1
| #define HAVE_UNISTD_H 1
| #define HAVE_STDIO_H 1
| #define HAVE_STDLIB_H 1
| #define HAVE_STDARG_H 1
| #define HAVE_ERRNO_H 1
| #define HAVE_GETOPT_H 1
| #define HAVE_UNISTD_H 1
| #define HAVE_FCNTL_H 1
| #define HAVE_STRING_H 1
| #define HAVE_SIGNAL_H 1
| #define HAVE_TIME_H 1
| #define HAVE_LIMITS_H 1
| #define HAVE_SYS_TYPES_H 1
| #define HAVE_SYS_STAT_H 1
| #define HAVE_SYS_TIME_H 1
| #define HAVE_SYS_QUEUE_H 1
| #define HAVE_TAILQFOREACH 1
| #define HAVE_ARPA_INET_H 1
| /* end confdefs.h.  */
| #include <stdio.h>
| #ifdef HAVE_SYS_TYPES_H
| # include <sys/types.h>
| #endif
| #ifdef HAVE_SYS_STAT_H
| # include <sys/stat.h>
| #endif
| #ifdef STDC_HEADERS
| # include <stdlib.h>
| # include <stddef.h>
| #else
| # ifdef HAVE_STDLIB_H
| #  include <stdlib.h>
| # endif
| #endif
| #ifdef HAVE_STRING_H
| # if !defined STDC_HEADERS && defined HAVE_MEMORY_H
| #  include <memory.h>
| # endif
| # include <string.h>
| #endif
| #ifdef HAVE_STRINGS_H
| # include <strings.h>
| #endif
| #ifdef HAVE_INTTYPES_H
| # include <inttypes.h>
| #endif
| #ifdef HAVE_STDINT_H
| # include <stdint.h>
| #endif
| #ifdef HAVE_UNISTD_H
| # include <unistd.h>
| #endif
| int
| main ()
| {
| if (sizeof ((size_t)))
| 	  return 0;
|   ;
|   return 0;
| }
configure:5267: result: yes
configure:5280: checking whether gcc needs -traditional
configure:5322: result: no
configure:5337: checking for intf_open in -ldnet
configure:5372: gcc -o conftest -g -O2 -g -O0 -Wall -I/usr/local/include   -L/usr/local/lib -ldnet conftest.c -ldnet   >&5
configure:5379: $? = 0
configure:5400: result: yes
configure:5428: checking for sys/queue.h
configure:5435: result: yes
configure:5598: checking for pcap_datalink in -lpcap
configure:5633: gcc -o conftest -g -O2 -g -O0 -Wall -I/usr/local/include   -L/usr/local/lib -ldnet conftest.c -lpcap  -ldnet  >&5
configure:5640: $? = 0
configure:5661: result: yes
configure:5809: creating ./config.status

## ---------------------- ##
## Running config.status. ##
## ---------------------- ##

This file was extended by config.status, which was
generated by GNU Autoconf 2.62.  Invocation command line was

  CONFIG_FILES    = 
  CONFIG_HEADERS  = 
  CONFIG_LINKS    = 
  CONFIG_COMMANDS = 
  $ ./config.status 

on leech

config.status:801: creating Makefile
config.status:801: creating config.h
config.status:1023: config.h is unchanged
config.status:1075: executing depfiles commands

## ---------------- ##
## Cache variables. ##
## ---------------- ##

ac_cv_build=x86_64-unknown-linux-gnu
ac_cv_c_compiler_gnu=yes
ac_cv_c_const=yes
ac_cv_c_inline=inline
ac_cv_env_CC_set=
ac_cv_env_CC_value=
ac_cv_env_CFLAGS_set=
ac_cv_env_CFLAGS_value=
ac_cv_env_CPPFLAGS_set=
ac_cv_env_CPPFLAGS_value=
ac_cv_env_CPP_set=
ac_cv_env_CPP_value=
ac_cv_env_LDFLAGS_set=
ac_cv_env_LDFLAGS_value=
ac_cv_env_LIBS_set=
ac_cv_env_LIBS_value=
ac_cv_env_build_alias_set=
ac_cv_env_build_alias_value=
ac_cv_env_host_alias_set=
ac_cv_env_host_alias_value=
ac_cv_env_target_alias_set=
ac_cv_env_target_alias_value=
ac_cv_header_arpa_inet_h=yes
ac_cv_header_errno_h=yes
ac_cv_header_fcntl_h=yes
ac_cv_header_getopt_h=yes
ac_cv_header_inttypes_h=yes
ac_cv_header_limits_h=yes
ac_cv_header_memory_h=yes
ac_cv_header_signal_h=yes
ac_cv_header_stdarg_h=yes
ac_cv_header_stdc=yes
ac_cv_header_stdint_h=yes
ac_cv_header_stdio_h=yes
ac_cv_header_stdlib_h=yes
ac_cv_header_string_h=yes
ac_cv_header_strings_h=yes
ac_cv_header_sys_queue_h=yes
ac_cv_header_sys_stat_h=yes
ac_cv_header_sys_time_h=yes
ac_cv_header_sys_types_h=yes
ac_cv_header_time_h=yes
ac_cv_header_unistd_h=yes
ac_cv_host=x86_64-unknown-linux-gnu
ac_cv_lib_dnet_intf_open=yes
ac_cv_lib_pcap_pcap_datalink=yes
ac_cv_objext=o
ac_cv_path_EGREP='/bin/grep -E'
ac_cv_path_GREP=/bin/grep
ac_cv_path_install='/usr/bin/install -c'
ac_cv_path_mkdir=/bin/mkdir
ac_cv_prog_AWK=mawk
ac_cv_prog_CPP='gcc -E'
ac_cv_prog_ac_ct_CC=gcc
ac_cv_prog_cc_c89=
ac_cv_prog_cc_g=yes
ac_cv_prog_gcc_traditional=no
ac_cv_prog_make_make_set=yes
ac_cv_type_pid_t=yes
ac_cv_type_size_t=yes
am_cv_CC_dependencies_compiler_type=none

## ----------------- ##
## Output variables. ##
## ----------------- ##

ACLOCAL='${SHELL} /install/daemonlogger-1.2.1/missing --run aclocal-1.10'
AMDEPBACKSLASH='\'
AMDEP_FALSE='#'
AMDEP_TRUE=''
AMTAR='${SHELL} /install/daemonlogger-1.2.1/missing --run tar'
AUTOCONF='${SHELL} /install/daemonlogger-1.2.1/missing --run autoconf'
AUTOHEADER='${SHELL} /install/daemonlogger-1.2.1/missing --run autoheader'
AUTOMAKE='${SHELL} /install/daemonlogger-1.2.1/missing --run automake-1.10'
AWK='mawk'
CC='gcc'
CCDEPMODE='depmode=none'
CFLAGS='-g -O2 -g -O0 -Wall -I/usr/local/include'
CPP='gcc -E'
CPPFLAGS=''
CYGPATH_W='echo'
DEFS='-DHAVE_CONFIG_H'
DEPDIR='.deps'
ECHO_C=''
ECHO_N='-n'
ECHO_T=''
EGREP='/bin/grep -E'
EXEEXT=''
GREP='/bin/grep'
INSTALL_DATA='${INSTALL} -m 644'
INSTALL_PROGRAM='${INSTALL}'
INSTALL_SCRIPT='${INSTALL}'
INSTALL_STRIP_PROGRAM='$(install_sh) -c -s'
LDFLAGS=' -L/usr/local/lib -ldnet'
LIBOBJS=''
LIBS='-lpcap -ldnet '
LTLIBOBJS=''
MAINT='#'
MAINTAINER_MODE_FALSE=''
MAINTAINER_MODE_TRUE='#'
MAKEINFO='${SHELL} /install/daemonlogger-1.2.1/missing --run makeinfo'
MKDIR_P='/bin/mkdir -p'
OBJEXT='o'
PACKAGE='daemonlogger'
PACKAGE_BUGREPORT=''
PACKAGE_NAME=''
PACKAGE_STRING=''
PACKAGE_TARNAME=''
PACKAGE_VERSION=''
PATH_SEPARATOR=':'
SET_MAKE=''
SHELL='/bin/bash'
STRIP=''
VERSION='1.2.1'
ac_ct_CC='gcc'
am__fastdepCC_FALSE=''
am__fastdepCC_TRUE='#'
am__include='include'
am__isrc=''
am__leading_dot='.'
am__quote=''
am__tar='${AMTAR} chof - "$$tardir"'
am__untar='${AMTAR} xf -'
bindir='${exec_prefix}/bin'
build='x86_64-unknown-linux-gnu'
build_alias=''
build_cpu='x86_64'
build_os='linux-gnu'
build_vendor='unknown'
datadir='${datarootdir}'
datarootdir='${prefix}/share'
docdir='${datarootdir}/doc/${PACKAGE}'
dvidir='${docdir}'
exec_prefix='${prefix}'
extra_incl='-I/usr/include/pcap'
host='x86_64-unknown-linux-gnu'
host_alias=''
host_cpu='x86_64'
host_os='linux-gnu'
host_vendor='unknown'
htmldir='${docdir}'
includedir='${prefix}/include'
infodir='${datarootdir}/info'
install_sh='$(SHELL) /install/daemonlogger-1.2.1/install-sh'
libdir='${exec_prefix}/lib'
libexecdir='${exec_prefix}/libexec'
localedir='${datarootdir}/locale'
localstatedir='${prefix}/var'
mandir='${datarootdir}/man'
mkdir_p='/bin/mkdir -p'
oldincludedir='/usr/include'
pdfdir='${docdir}'
prefix='/usr/local'
program_transform_name='s,x,x,'
psdir='${docdir}'
sbindir='${exec_prefix}/sbin'
sharedstatedir='${prefix}/com'
sysconfdir='${prefix}/etc'
target_alias=''

## ----------- ##
## confdefs.h. ##
## ----------- ##

#define PACKAGE_NAME ""
#define PACKAGE_TARNAME ""
#define PACKAGE_VERSION ""
#define PACKAGE_STRING ""
#define PACKAGE_BUGREPORT ""
#define PACKAGE "daemonlogger"
#define VERSION "1.2.1"
#define LINUX /**/
#define STDC_HEADERS 1
#define HAVE_SYS_TYPES_H 1
#define HAVE_SYS_STAT_H 1
#define HAVE_STDLIB_H 1
#define HAVE_STRING_H 1
#define HAVE_MEMORY_H 1
#define HAVE_STRINGS_H 1
#define HAVE_INTTYPES_H 1
#define HAVE_STDINT_H 1
#define HAVE_UNISTD_H 1
#define HAVE_STDIO_H 1
#define HAVE_STDLIB_H 1
#define HAVE_STDARG_H 1
#define HAVE_ERRNO_H 1
#define HAVE_GETOPT_H 1
#define HAVE_UNISTD_H 1
#define HAVE_FCNTL_H 1
#define HAVE_STRING_H 1
#define HAVE_SIGNAL_H 1
#define HAVE_TIME_H 1
#define HAVE_LIMITS_H 1
#define HAVE_SYS_TYPES_H 1
#define HAVE_SYS_STAT_H 1
#define HAVE_SYS_TIME_H 1
#define HAVE_SYS_QUEUE_H 1
#define HAVE_TAILQFOREACH 1
#define HAVE_ARPA_INET_H 1
#define HAVE_LIBDNET 1
#define HAVE_SYS_QUEUE_H 1
#define HAVE_LIBPCAP 1

configure: exit 0
